2022-11-02 13:54:17,991	INFO	start train
2022-11-02 13:54:17,991	ERROR	wrong count of arguments
2022-11-02 15:27:12,837	INFO	train model...
2022-11-02 15:27:12,849	INFO	model was saved to ../models/log_regression.joblib...
2022-11-02 15:52:20,858	INFO	train model...
2022-11-02 15:52:20,870	INFO	model was saved to ../models/log_regression.joblib...
2022-11-02 15:52:51,600	INFO	train model...
2022-11-02 15:52:51,604	INFO	model was saved to ../models/log_regression.joblib...
2022-11-02 15:52:58,414	INFO	train model...
2022-11-02 15:52:58,418	INFO	model was saved to ../models/log_regression.joblib...
2022-11-02 15:53:04,702	INFO	train model...
2022-11-02 15:53:04,705	INFO	model was saved to ../models/log_regression.joblib...
2022-11-02 15:54:06,463	INFO	train model...
2022-11-02 15:54:06,477	INFO	model was saved to ../models/log_regression.joblib...
2022-11-02 15:54:21,718	INFO	train model...
2022-11-02 15:54:21,733	INFO	model was saved to ../models/log_regression.joblib...
2022-11-02 16:55:51,448	INFO	train model...
2022-11-02 16:55:51,455	INFO	model was saved to ../models/log_regression.joblib...
2022-11-02 16:58:14,216	INFO	train model...
2022-11-02 16:58:14,224	INFO	model was saved to ../models/log_regression.joblib...
2022-11-02 17:01:26,331	INFO	train model...
2022-11-02 17:01:26,482	INFO	model was saved to ../models/log_regression.joblib...
2022-11-02 17:09:21,194	INFO	train model...
2022-11-02 17:09:24,373	INFO	train model...
2022-11-02 17:09:37,784	INFO	train model...
2022-11-02 17:09:37,814	INFO	model was saved to ../models/log_regression.joblib...
2022-11-02 17:09:40,166	INFO	train model...
2022-11-02 17:09:40,181	INFO	model was saved to ../models/log_regression.joblib...
2022-11-02 17:19:24,573	INFO	train model...
2022-11-02 17:19:24,582	INFO	model was saved to ../models/log_regression.joblib...
2022-11-02 17:24:13,710	INFO	train model...
2022-11-02 17:24:13,851	INFO	model was saved to ../models/log_regression.joblib...
2022-11-02 20:09:24,576	DEBUG	Setting JobRuntime:name=UNKNOWN_NAME
2022-11-02 20:09:24,576	DEBUG	Setting JobRuntime:name=train1
2022-11-02 20:09:28,161	DEBUG	Setting JobRuntime:name=UNKNOWN_NAME
2022-11-02 20:09:28,161	DEBUG	Setting JobRuntime:name=train1
2022-11-02 20:10:24,900	DEBUG	Setting JobRuntime:name=UNKNOWN_NAME
2022-11-02 20:10:24,901	DEBUG	Setting JobRuntime:name=train1
2022-11-02 20:10:57,146	DEBUG	Setting JobRuntime:name=UNKNOWN_NAME
2022-11-02 20:10:57,146	DEBUG	Setting JobRuntime:name=train1
2022-11-02 20:11:41,113	DEBUG	Setting JobRuntime:name=UNKNOWN_NAME
2022-11-02 20:11:41,116	DEBUG	Setting JobRuntime:name=train1
2022-11-02 20:22:39,447	DEBUG	Setting JobRuntime:name=UNKNOWN_NAME
2022-11-02 20:22:39,448	DEBUG	Setting JobRuntime:name=train1
2022-11-02 20:28:37,933	DEBUG	Setting JobRuntime:name=UNKNOWN_NAME
2022-11-02 20:28:37,934	DEBUG	Setting JobRuntime:name=train1
2022-11-06 16:50:05,240	DEBUG	Setting JobRuntime:name=UNKNOWN_NAME
2022-11-06 16:50:05,241	DEBUG	Setting JobRuntime:name=train
2022-11-06 16:55:10,513	DEBUG	Setting JobRuntime:name=UNKNOWN_NAME
2022-11-06 16:55:10,514	DEBUG	Setting JobRuntime:name=train
2022-11-06 17:06:48,209	DEBUG	Setting JobRuntime:name=UNKNOWN_NAME
2022-11-06 17:06:48,210	DEBUG	Setting JobRuntime:name=train
2022-11-06 17:06:59,881	DEBUG	Setting JobRuntime:name=UNKNOWN_NAME
2022-11-06 17:06:59,882	DEBUG	Setting JobRuntime:name=train
2022-11-06 17:09:45,538	DEBUG	Setting JobRuntime:name=UNKNOWN_NAME
2022-11-06 17:09:45,538	DEBUG	Setting JobRuntime:name=train
2022-11-06 17:19:09,035	DEBUG	Setting JobRuntime:name=UNKNOWN_NAME
2022-11-06 17:19:09,035	DEBUG	Setting JobRuntime:name=train
2022-11-28 11:48:06,244	DEBUG	Setting JobRuntime:name=UNKNOWN_NAME
2022-11-28 11:48:06,244	DEBUG	Setting JobRuntime:name=train
2022-11-28 11:48:39,636	DEBUG	Setting JobRuntime:name=UNKNOWN_NAME
2022-11-28 11:48:39,636	DEBUG	Setting JobRuntime:name=train
2022-11-28 11:48:53,321	DEBUG	Setting JobRuntime:name=UNKNOWN_NAME
2022-11-28 11:48:53,321	DEBUG	Setting JobRuntime:name=train
2022-11-28 11:49:29,438	DEBUG	Setting JobRuntime:name=UNKNOWN_NAME
2022-11-28 11:49:29,438	DEBUG	Setting JobRuntime:name=train
